//Time : #inst 0  pc opcode reg regnum value
0 : #1 0 80000000 b0201073 r 0 0
0 : #2 0 80000004 b8201073 r 0 0
0 : #3 0 80000008 ee0000b7 r 1 ee000000
0 : #4 0 8000000c 30509073 r 0 ee000000
0 : #5 0 80000010 555550b7 r 1 55555000
0 : #6 0 80000014 55508093 r 1 55555555
0 : #7 0 80000018 7c009073 r 0 55555555
0 : #8 0 8000001c d05801b7 r 3 d0580000
0 : #9 0 80000020 1217 r 4 80001020
0 : #10 0 80000024 fe020213 r 4 80001000
0 : #11 0 80000028 20283 r 5 2d
0 : #12 0 8000002c 518023 r 0 0
0 : #13 0 80000030 205 r 4 80001001
0 : #14 0 0x80000032 0xfe029be3 r 23 0x0000002d
0 : #15 0 80000028 20283 r 5 2d
0 : #16 0 8000002c 518023 r 0 0
0 : #17 0 80000030 205 r 4 80001002
0 : #18 0 0x80000032 0xfe029be3 r 23 0x0000002d
0 : #19 0 80000028 20283 r 5 2d
0 : #20 0 8000002c 518023 r 0 0
0 : #21 0 80000030 205 r 4 80001003
0 : #22 0 0x80000032 0xfe029be3 r 23 0x0000002d
0 : #23 0 80000028 20283 r 5 2d
0 : #24 0 8000002c 518023 r 0 0
0 : #25 0 80000030 205 r 4 80001004
0 : #26 0 0x80000032 0xfe029be3 r 23 0x0000002d
0 : #27 0 80000028 20283 r 5 2d
0 : #28 0 8000002c 518023 r 0 0
0 : #29 0 80000030 205 r 4 80001005
0 : #30 0 0x80000032 0xfe029be3 r 23 0x0000002d
0 : #31 0 80000028 20283 r 5 2d
0 : #32 0 8000002c 518023 r 0 0
0 : #33 0 80000030 205 r 4 80001006
0 : #34 0 0x80000032 0xfe029be3 r 23 0x0000002d
0 : #35 0 80000028 20283 r 5 2d
0 : #36 0 8000002c 518023 r 0 0
0 : #37 0 80000030 205 r 4 80001007
0 : #38 0 0x80000032 0xfe029be3 r 23 0x0000002d
0 : #39 0 80000028 20283 r 5 2d
0 : #40 0 8000002c 518023 r 0 0
0 : #41 0 80000030 205 r 4 80001008
0 : #42 0 0x80000032 0xfe029be3 r 23 0x0000002d
0 : #43 0 80000028 20283 r 5 2d
0 : #44 0 8000002c 518023 r 0 0
0 : #45 0 80000030 205 r 4 80001009
0 : #46 0 0x80000032 0xfe029be3 r 23 0x0000002d
0 : #47 0 80000028 20283 r 5 2d
0 : #48 0 8000002c 518023 r 0 0
0 : #49 0 80000030 205 r 4 8000100a
0 : #50 0 0x80000032 0xfe029be3 r 23 0x0000002d
0 : #51 0 80000028 20283 r 5 2d
0 : #52 0 8000002c 518023 r 0 0
0 : #53 0 80000030 205 r 4 8000100b
0 : #54 0 0x80000032 0xfe029be3 r 23 0x0000002d
0 : #55 0 80000028 20283 r 5 2d
0 : #56 0 8000002c 518023 r 0 0
0 : #57 0 80000030 205 r 4 8000100c
0 : #58 0 0x80000032 0xfe029be3 r 23 0x0000002d
0 : #59 0 80000028 20283 r 5 2d
0 : #60 0 8000002c 518023 r 0 0
0 : #61 0 80000030 205 r 4 8000100d
0 : #62 0 0x80000032 0xfe029be3 r 23 0x0000002d
0 : #63 0 80000028 20283 r 5 2d
0 : #64 0 8000002c 518023 r 0 0
0 : #65 0 80000030 205 r 4 8000100e
0 : #66 0 0x80000032 0xfe029be3 r 23 0x0000002d
0 : #67 0 80000028 20283 r 5 2d
0 : #68 0 8000002c 518023 r 0 0
0 : #69 0 80000030 205 r 4 8000100f
0 : #70 0 0x80000032 0xfe029be3 r 23 0x0000002d
0 : #71 0 80000028 20283 r 5 2d
0 : #72 0 8000002c 518023 r 0 0
0 : #73 0 80000030 205 r 4 80001010
0 : #74 0 0x80000032 0xfe029be3 r 23 0x0000002d
0 : #75 0 80000028 20283 r 5 2d
0 : #76 0 8000002c 518023 r 0 0
0 : #77 0 80000030 205 r 4 80001011
0 : #78 0 0x80000032 0xfe029be3 r 23 0x0000002d
0 : #79 0 80000028 20283 r 5 2d
0 : #80 0 8000002c 518023 r 0 0
0 : #81 0 80000030 205 r 4 80001012
0 : #82 0 0x80000032 0xfe029be3 r 23 0x0000002d
0 : #83 0 80000028 20283 r 5 2d
0 : #84 0 8000002c 518023 r 0 0
0 : #85 0 80000030 205 r 4 80001013
0 : #86 0 0x80000032 0xfe029be3 r 23 0x0000002d
0 : #87 0 80000028 20283 r 5 2d
0 : #88 0 8000002c 518023 r 0 0
0 : #89 0 80000030 205 r 4 80001014
0 : #90 0 0x80000032 0xfe029be3 r 23 0x0000002d
0 : #91 0 80000028 20283 r 5 2d
0 : #92 0 8000002c 518023 r 0 0
0 : #93 0 80000030 205 r 4 80001015
0 : #94 0 0x80000032 0xfe029be3 r 23 0x0000002d
0 : #95 0 80000028 20283 r 5 2d
0 : #96 0 8000002c 518023 r 0 0
0 : #97 0 80000030 205 r 4 80001016
0 : #98 0 0x80000032 0xfe029be3 r 23 0x0000002d
0 : #99 0 80000028 20283 r 5 2d
0 : #100 0 8000002c 518023 r 0 0
0 : #101 0 80000030 205 r 4 80001017
0 : #102 0 0x80000032 0xfe029be3 r 23 0x0000002d
0 : #103 0 80000028 20283 r 5 2d
0 : #104 0 8000002c 518023 r 0 0
0 : #105 0 80000030 205 r 4 80001018
0 : #106 0 0x80000032 0xfe029be3 r 23 0x0000002d
0 : #107 0 80000028 20283 r 5 2d
0 : #108 0 8000002c 518023 r 0 0
0 : #109 0 80000030 205 r 4 80001019
0 : #110 0 0x80000032 0xfe029be3 r 23 0x0000002d
0 : #111 0 80000028 20283 r 5 2d
0 : #112 0 8000002c 518023 r 0 0
0 : #113 0 80000030 205 r 4 8000101a
0 : #114 0 0x80000032 0xfe029be3 r 23 0x0000002d
0 : #115 0 80000028 20283 r 5 2d
0 : #116 0 8000002c 518023 r 0 0
0 : #117 0 80000030 205 r 4 8000101b
0 : #118 0 0x80000032 0xfe029be3 r 23 0x0000002d
0 : #119 0 80000028 20283 r 5 2d
0 : #120 0 8000002c 518023 r 0 0
0 : #121 0 80000030 205 r 4 8000101c
0 : #122 0 0x80000032 0xfe029be3 r 23 0x0000002d
0 : #123 0 80000028 20283 r 5 2d
0 : #124 0 8000002c 518023 r 0 0
0 : #125 0 80000030 205 r 4 8000101d
0 : #126 0 0x80000032 0xfe029be3 r 23 0x0000002d
0 : #127 0 80000028 20283 r 5 2d
0 : #128 0 8000002c 518023 r 0 0
0 : #129 0 80000030 205 r 4 8000101e
0 : #130 0 0x80000032 0xfe029be3 r 23 0x0000002d
0 : #131 0 80000028 20283 r 5 2d
0 : #132 0 8000002c 518023 r 0 0
0 : #133 0 80000030 205 r 4 8000101f
0 : #134 0 0x80000032 0xfe029be3 r 23 0x0000002d
0 : #135 0 80000028 20283 r 5 2d
0 : #136 0 8000002c 518023 r 0 0
0 : #137 0 80000030 205 r 4 80001020
0 : #138 0 0x80000032 0xfe029be3 r 23 0x0000002d
0 : #139 0 80000028 20283 r 5 2d
0 : #140 0 8000002c 518023 r 0 0
0 : #141 0 80000030 205 r 4 80001021
0 : #142 0 0x80000032 0xfe029be3 r 23 0x0000002d
0 : #143 0 80000028 20283 r 5 2d
0 : #144 0 8000002c 518023 r 0 0
0 : #145 0 80000030 205 r 4 80001022
0 : #146 0 0x80000032 0xfe029be3 r 23 0x0000002d
0 : #147 0 80000028 20283 r 5 2d
0 : #148 0 8000002c 518023 r 0 0
0 : #149 0 80000030 205 r 4 80001023
0 : #150 0 0x80000032 0xfe029be3 r 23 0x0000002d
0 : #151 0 80000028 20283 r 5 2d
0 : #152 0 8000002c 518023 r 0 0
0 : #153 0 80000030 205 r 4 80001024
0 : #154 0 0x80000032 0xfe029be3 r 23 0x0000002d
0 : #155 0 80000028 20283 r 5 a
0 : #156 0 8000002c 518023 r 0 0
0 : #157 0 80000030 205 r 4 80001025
0 : #158 0 0x80000032 0xfe029be3 r 23 0x0000000a
0 : #159 0 80000028 20283 r 5 48
0 : #160 0 8000002c 518023 r 0 0
0 : #161 0 80000030 205 r 4 80001026
0 : #162 0 0x80000032 0xfe029be3 r 23 0x00000048
0 : #163 0 80000028 20283 r 5 65
0 : #164 0 8000002c 518023 r 0 0
0 : #165 0 80000030 205 r 4 80001027
0 : #166 0 0x80000032 0xfe029be3 r 23 0x00000065
0 : #167 0 80000028 20283 r 5 6c
0 : #168 0 8000002c 518023 r 0 0
0 : #169 0 80000030 205 r 4 80001028
0 : #170 0 0x80000032 0xfe029be3 r 23 0x0000006c
0 : #171 0 80000028 20283 r 5 6c
0 : #172 0 8000002c 518023 r 0 0
0 : #173 0 80000030 205 r 4 80001029
0 : #174 0 0x80000032 0xfe029be3 r 23 0x0000006c
0 : #175 0 80000028 20283 r 5 6f
0 : #176 0 8000002c 518023 r 0 0
0 : #177 0 80000030 205 r 4 8000102a
0 : #178 0 0x80000032 0xfe029be3 r 23 0x0000006f
0 : #179 0 80000028 20283 r 5 20
0 : #180 0 8000002c 518023 r 0 0
0 : #181 0 80000030 205 r 4 8000102b
0 : #182 0 0x80000032 0xfe029be3 r 23 0x00000020
0 : #183 0 80000028 20283 r 5 57
0 : #184 0 8000002c 518023 r 0 0
0 : #185 0 80000030 205 r 4 8000102c
0 : #186 0 0x80000032 0xfe029be3 r 23 0x00000057
0 : #187 0 80000028 20283 r 5 6f
0 : #188 0 8000002c 518023 r 0 0
0 : #189 0 80000030 205 r 4 8000102d
0 : #190 0 0x80000032 0xfe029be3 r 23 0x0000006f
0 : #191 0 80000028 20283 r 5 72
0 : #192 0 8000002c 518023 r 0 0
0 : #193 0 80000030 205 r 4 8000102e
0 : #194 0 0x80000032 0xfe029be3 r 23 0x00000072
0 : #195 0 80000028 20283 r 5 6c
0 : #196 0 8000002c 518023 r 0 0
0 : #197 0 80000030 205 r 4 8000102f
0 : #198 0 0x80000032 0xfe029be3 r 23 0x0000006c
0 : #199 0 80000028 20283 r 5 64
0 : #200 0 8000002c 518023 r 0 0
0 : #201 0 80000030 205 r 4 80001030
0 : #202 0 0x80000032 0xfe029be3 r 23 0x00000064
0 : #203 0 80000028 20283 r 5 20
0 : #204 0 8000002c 518023 r 0 0
0 : #205 0 80000030 205 r 4 80001031
0 : #206 0 0x80000032 0xfe029be3 r 23 0x00000020
0 : #207 0 80000028 20283 r 5 66
0 : #208 0 8000002c 518023 r 0 0
0 : #209 0 80000030 205 r 4 80001032
0 : #210 0 0x80000032 0xfe029be3 r 23 0x00000066
0 : #211 0 80000028 20283 r 5 72
0 : #212 0 8000002c 518023 r 0 0
0 : #213 0 80000030 205 r 4 80001033
0 : #214 0 0x80000032 0xfe029be3 r 23 0x00000072
0 : #215 0 80000028 20283 r 5 6f
0 : #216 0 8000002c 518023 r 0 0
0 : #217 0 80000030 205 r 4 80001034
0 : #218 0 0x80000032 0xfe029be3 r 23 0x0000006f
0 : #219 0 80000028 20283 r 5 6d
0 : #220 0 8000002c 518023 r 0 0
0 : #221 0 80000030 205 r 4 80001035
0 : #222 0 0x80000032 0xfe029be3 r 23 0x0000006d
0 : #223 0 80000028 20283 r 5 20
0 : #224 0 8000002c 518023 r 0 0
0 : #225 0 80000030 205 r 4 80001036
0 : #226 0 0x80000032 0xfe029be3 r 23 0x00000020
0 : #227 0 80000028 20283 r 5 6d
0 : #228 0 8000002c 518023 r 0 0
0 : #229 0 80000030 205 r 4 80001037
0 : #230 0 0x80000032 0xfe029be3 r 23 0x0000006d
0 : #231 0 80000028 20283 r 5 79
0 : #232 0 8000002c 518023 r 0 0
0 : #233 0 80000030 205 r 4 80001038
0 : #234 0 0x80000032 0xfe029be3 r 23 0x00000079
0 : #235 0 80000028 20283 r 5 20
0 : #236 0 8000002c 518023 r 0 0
0 : #237 0 80000030 205 r 4 80001039
0 : #238 0 0x80000032 0xfe029be3 r 23 0x00000020
0 : #239 0 80000028 20283 r 5 74
0 : #240 0 8000002c 518023 r 0 0
0 : #241 0 80000030 205 r 4 8000103a
0 : #242 0 0x80000032 0xfe029be3 r 23 0x00000074
0 : #243 0 80000028 20283 r 5 65
0 : #244 0 8000002c 518023 r 0 0
0 : #245 0 80000030 205 r 4 8000103b
0 : #246 0 0x80000032 0xfe029be3 r 23 0x00000065
0 : #247 0 80000028 20283 r 5 73
0 : #248 0 8000002c 518023 r 0 0
0 : #249 0 80000030 205 r 4 8000103c
0 : #250 0 0x80000032 0xfe029be3 r 23 0x00000073
0 : #251 0 80000028 20283 r 5 74
0 : #252 0 8000002c 518023 r 0 0
0 : #253 0 80000030 205 r 4 8000103d
0 : #254 0 0x80000032 0xfe029be3 r 23 0x00000074
0 : #255 0 80000028 20283 r 5 20
0 : #256 0 8000002c 518023 r 0 0
0 : #257 0 80000030 205 r 4 8000103e
0 : #258 0 0x80000032 0xfe029be3 r 23 0x00000020
0 : #259 0 80000028 20283 r 5 69
0 : #260 0 8000002c 518023 r 0 0
0 : #261 0 80000030 205 r 4 8000103f
0 : #262 0 0x80000032 0xfe029be3 r 23 0x00000069
0 : #263 0 80000028 20283 r 5 6e
0 : #264 0 8000002c 518023 r 0 0
0 : #265 0 80000030 205 r 4 80001040
0 : #266 0 0x80000032 0xfe029be3 r 23 0x0000006e
0 : #267 0 80000028 20283 r 5 20
0 : #268 0 8000002c 518023 r 0 0
0 : #269 0 80000030 205 r 4 80001041
0 : #270 0 0x80000032 0xfe029be3 r 23 0x00000020
0 : #271 0 80000028 20283 r 5 6d
0 : #272 0 8000002c 518023 r 0 0
0 : #273 0 80000030 205 r 4 80001042
0 : #274 0 0x80000032 0xfe029be3 r 23 0x0000006d
0 : #275 0 80000028 20283 r 5 79
0 : #276 0 8000002c 518023 r 0 0
0 : #277 0 80000030 205 r 4 80001043
0 : #278 0 0x80000032 0xfe029be3 r 23 0x00000079
0 : #279 0 80000028 20283 r 5 20
0 : #280 0 8000002c 518023 r 0 0
0 : #281 0 80000030 205 r 4 80001044
0 : #282 0 0x80000032 0xfe029be3 r 23 0x00000020
0 : #283 0 80000028 20283 r 5 63
0 : #284 0 8000002c 518023 r 0 0
0 : #285 0 80000030 205 r 4 80001045
0 : #286 0 0x80000032 0xfe029be3 r 23 0x00000063
0 : #287 0 80000028 20283 r 5 6f
0 : #288 0 8000002c 518023 r 0 0
0 : #289 0 80000030 205 r 4 80001046
0 : #290 0 0x80000032 0xfe029be3 r 23 0x0000006f
0 : #291 0 80000028 20283 r 5 72
0 : #292 0 8000002c 518023 r 0 0
0 : #293 0 80000030 205 r 4 80001047
0 : #294 0 0x80000032 0xfe029be3 r 23 0x00000072
0 : #295 0 80000028 20283 r 5 65
0 : #296 0 8000002c 518023 r 0 0
0 : #297 0 80000030 205 r 4 80001048
0 : #298 0 0x80000032 0xfe029be3 r 23 0x00000065
0 : #299 0 80000028 20283 r 5 20
0 : #300 0 8000002c 518023 r 0 0
0 : #301 0 80000030 205 r 4 80001049
0 : #302 0 0x80000032 0xfe029be3 r 23 0x00000020
0 : #303 0 80000028 20283 r 5 4e
0 : #304 0 8000002c 518023 r 0 0
0 : #305 0 80000030 205 r 4 8000104a
0 : #306 0 0x80000032 0xfe029be3 r 23 0x0000004e
0 : #307 0 80000028 20283 r 5 45
0 : #308 0 8000002c 518023 r 0 0
0 : #309 0 80000030 205 r 4 8000104b
0 : #310 0 0x80000032 0xfe029be3 r 23 0x00000045
0 : #311 0 80000028 20283 r 5 57
0 : #312 0 8000002c 518023 r 0 0
0 : #313 0 80000030 205 r 4 8000104c
0 : #314 0 0x80000032 0xfe029be3 r 23 0x00000057
0 : #315 0 80000028 20283 r 5 21
0 : #316 0 8000002c 518023 r 0 0
0 : #317 0 80000030 205 r 4 8000104d
0 : #318 0 0x80000032 0xfe029be3 r 23 0x00000021
0 : #319 0 80000028 20283 r 5 21
0 : #320 0 8000002c 518023 r 0 0
0 : #321 0 80000030 205 r 4 8000104e
0 : #322 0 0x80000032 0xfe029be3 r 23 0x00000021
0 : #323 0 80000028 20283 r 5 a
0 : #324 0 8000002c 518023 r 0 0
0 : #325 0 80000030 205 r 4 8000104f
0 : #326 0 0x80000032 0xfe029be3 r 23 0x0000000a
0 : #327 0 80000028 20283 r 5 2d
0 : #328 0 8000002c 518023 r 0 0
0 : #329 0 80000030 205 r 4 80001050
0 : #330 0 0x80000032 0xfe029be3 r 23 0x0000002d
0 : #331 0 80000028 20283 r 5 2d
0 : #332 0 8000002c 518023 r 0 0
0 : #333 0 80000030 205 r 4 80001051
0 : #334 0 0x80000032 0xfe029be3 r 23 0x0000002d
0 : #335 0 80000028 20283 r 5 2d
0 : #336 0 8000002c 518023 r 0 0
0 : #337 0 80000030 205 r 4 80001052
0 : #338 0 0x80000032 0xfe029be3 r 23 0x0000002d
0 : #339 0 80000028 20283 r 5 2d
0 : #340 0 8000002c 518023 r 0 0
0 : #341 0 80000030 205 r 4 80001053
0 : #342 0 0x80000032 0xfe029be3 r 23 0x0000002d
0 : #343 0 80000028 20283 r 5 2d
0 : #344 0 8000002c 518023 r 0 0
0 : #345 0 80000030 205 r 4 80001054
0 : #346 0 0x80000032 0xfe029be3 r 23 0x0000002d
0 : #347 0 80000028 20283 r 5 2d
0 : #348 0 8000002c 518023 r 0 0
0 : #349 0 80000030 205 r 4 80001055
0 : #350 0 0x80000032 0xfe029be3 r 23 0x0000002d
0 : #351 0 80000028 20283 r 5 2d
0 : #352 0 8000002c 518023 r 0 0
0 : #353 0 80000030 205 r 4 80001056
0 : #354 0 0x80000032 0xfe029be3 r 23 0x0000002d
0 : #355 0 80000028 20283 r 5 2d
0 : #356 0 8000002c 518023 r 0 0
0 : #357 0 80000030 205 r 4 80001057
0 : #358 0 0x80000032 0xfe029be3 r 23 0x0000002d
0 : #359 0 80000028 20283 r 5 2d
0 : #360 0 8000002c 518023 r 0 0
0 : #361 0 80000030 205 r 4 80001058
0 : #362 0 0x80000032 0xfe029be3 r 23 0x0000002d
0 : #363 0 80000028 20283 r 5 2d
0 : #364 0 8000002c 518023 r 0 0
0 : #365 0 80000030 205 r 4 80001059
0 : #366 0 0x80000032 0xfe029be3 r 23 0x0000002d
0 : #367 0 80000028 20283 r 5 2d
0 : #368 0 8000002c 518023 r 0 0
0 : #369 0 80000030 205 r 4 8000105a
0 : #370 0 0x80000032 0xfe029be3 r 23 0x0000002d
0 : #371 0 80000028 20283 r 5 2d
0 : #372 0 8000002c 518023 r 0 0
0 : #373 0 80000030 205 r 4 8000105b
0 : #374 0 0x80000032 0xfe029be3 r 23 0x0000002d
0 : #375 0 80000028 20283 r 5 2d
0 : #376 0 8000002c 518023 r 0 0
0 : #377 0 80000030 205 r 4 8000105c
0 : #378 0 0x80000032 0xfe029be3 r 23 0x0000002d
0 : #379 0 80000028 20283 r 5 2d
0 : #380 0 8000002c 518023 r 0 0
0 : #381 0 80000030 205 r 4 8000105d
0 : #382 0 0x80000032 0xfe029be3 r 23 0x0000002d
0 : #383 0 80000028 20283 r 5 2d
0 : #384 0 8000002c 518023 r 0 0
0 : #385 0 80000030 205 r 4 8000105e
0 : #386 0 0x80000032 0xfe029be3 r 23 0x0000002d
0 : #387 0 80000028 20283 r 5 2d
0 : #388 0 8000002c 518023 r 0 0
0 : #389 0 80000030 205 r 4 8000105f
0 : #390 0 0x80000032 0xfe029be3 r 23 0x0000002d
0 : #391 0 80000028 20283 r 5 2d
0 : #392 0 8000002c 518023 r 0 0
0 : #393 0 80000030 205 r 4 80001060
0 : #394 0 0x80000032 0xfe029be3 r 23 0x0000002d
0 : #395 0 80000028 20283 r 5 2d
0 : #396 0 8000002c 518023 r 0 0
0 : #397 0 80000030 205 r 4 80001061
0 : #398 0 0x80000032 0xfe029be3 r 23 0x0000002d
0 : #399 0 80000028 20283 r 5 2d
0 : #400 0 8000002c 518023 r 0 0
0 : #401 0 80000030 205 r 4 80001062
0 : #402 0 0x80000032 0xfe029be3 r 23 0x0000002d
0 : #403 0 80000028 20283 r 5 2d
0 : #404 0 8000002c 518023 r 0 0
0 : #405 0 80000030 205 r 4 80001063
0 : #406 0 0x80000032 0xfe029be3 r 23 0x0000002d
0 : #407 0 80000028 20283 r 5 2d
0 : #408 0 8000002c 518023 r 0 0
0 : #409 0 80000030 205 r 4 80001064
0 : #410 0 0x80000032 0xfe029be3 r 23 0x0000002d
0 : #411 0 80000028 20283 r 5 2d
0 : #412 0 8000002c 518023 r 0 0
0 : #413 0 80000030 205 r 4 80001065
0 : #414 0 0x80000032 0xfe029be3 r 23 0x0000002d
0 : #415 0 80000028 20283 r 5 2d
0 : #416 0 8000002c 518023 r 0 0
0 : #417 0 80000030 205 r 4 80001066
0 : #418 0 0x80000032 0xfe029be3 r 23 0x0000002d
0 : #419 0 80000028 20283 r 5 2d
0 : #420 0 8000002c 518023 r 0 0
0 : #421 0 80000030 205 r 4 80001067
0 : #422 0 0x80000032 0xfe029be3 r 23 0x0000002d
0 : #423 0 80000028 20283 r 5 2d
0 : #424 0 8000002c 518023 r 0 0
0 : #425 0 80000030 205 r 4 80001068
0 : #426 0 0x80000032 0xfe029be3 r 23 0x0000002d
0 : #427 0 80000028 20283 r 5 2d
0 : #428 0 8000002c 518023 r 0 0
0 : #429 0 80000030 205 r 4 80001069
0 : #430 0 0x80000032 0xfe029be3 r 23 0x0000002d
0 : #431 0 80000028 20283 r 5 2d
0 : #432 0 8000002c 518023 r 0 0
0 : #433 0 80000030 205 r 4 8000106a
0 : #434 0 0x80000032 0xfe029be3 r 23 0x0000002d
0 : #435 0 80000028 20283 r 5 2d
0 : #436 0 8000002c 518023 r 0 0
0 : #437 0 80000030 205 r 4 8000106b
0 : #438 0 0x80000032 0xfe029be3 r 23 0x0000002d
0 : #439 0 80000028 20283 r 5 2d
0 : #440 0 8000002c 518023 r 0 0
0 : #441 0 80000030 205 r 4 8000106c
0 : #442 0 0x80000032 0xfe029be3 r 23 0x0000002d
0 : #443 0 80000028 20283 r 5 2d
0 : #444 0 8000002c 518023 r 0 0
0 : #445 0 80000030 205 r 4 8000106d
0 : #446 0 0x80000032 0xfe029be3 r 23 0x0000002d
0 : #447 0 80000028 20283 r 5 2d
0 : #448 0 8000002c 518023 r 0 0
0 : #449 0 80000030 205 r 4 8000106e
0 : #450 0 0x80000032 0xfe029be3 r 23 0x0000002d
0 : #451 0 80000028 20283 r 5 2d
0 : #452 0 8000002c 518023 r 0 0
0 : #453 0 80000030 205 r 4 8000106f
0 : #454 0 0x80000032 0xfe029be3 r 23 0x0000002d
0 : #455 0 80000028 20283 r 5 2d
0 : #456 0 8000002c 518023 r 0 0
0 : #457 0 80000030 205 r 4 80001070
0 : #458 0 0x80000032 0xfe029be3 r 23 0x0000002d
0 : #459 0 80000028 20283 r 5 2d
0 : #460 0 8000002c 518023 r 0 0
0 : #461 0 80000030 205 r 4 80001071
0 : #462 0 0x80000032 0xfe029be3 r 23 0x0000002d
0 : #463 0 80000028 20283 r 5 2d
0 : #464 0 8000002c 518023 r 0 0
0 : #465 0 80000030 205 r 4 80001072
0 : #466 0 0x80000032 0xfe029be3 r 23 0x0000002d
0 : #467 0 80000028 20283 r 5 2d
0 : #468 0 8000002c 518023 r 0 0
0 : #469 0 80000030 205 r 4 80001073
0 : #470 0 0x80000032 0xfe029be3 r 23 0x0000002d
0 : #471 0 80000028 20283 r 5 0
0 : #472 0 8000002c 518023 r 0 0
0 : #473 0 80000030 205 r 4 80001074
0 : #474 0 0x80000032 0xfe029be3 r 23 0x00000000
0 : #475 0 80000036 d05801b7 r 3 d0580000
0 : #476 0 0x8000003a 0xff00293 r 5 0x000000ff
0 : #477 0 8000003e 518023 r 0 0
0 : #478 0 0x80000042 0xfe000ae3 r 21 0x00000000
0 : #479 0 80000036 d05801b7 r 3 d0580000
0 : #480 0 0x8000003a 0xff00293 r 5 0x000000ff
0 : #481 0 8000003e 518023 r 0 0
0 : #482 0 0x80000042 0xfe000ae3 r 21 0x00000000
0 : #483 0 80000036 d05801b7 r 3 d0580000
0 : #484 0 0x8000003a 0xff00293 r 5 0x000000ff
0 : #485 0 8000003e 518023 r 0 0
0 : #486 0 0x80000042 0xfe000ae3 r 21 0x00000000
0 : #487 0 80000036 d05801b7 r 3 d0580000
0 : #488 0 0x8000003a 0xff00293 r 5 0x000000ff
0 : #489 0 8000003e 518023 r 0 0
0 : #490 0 0x80000042 0xfe000ae3 r 21 0x00000000
